<?xml version="1.0" encoding="UTF-8" ?>
<testsuite tests="11" failures="5" name="TestSuite" time="94.849" errors="0" skipped="0">
  <properties>
[...]
</properties>
  <testcase classname="TestExecution_withlogin" name="launch" time="3.86"/>
  <testcase classname="TestExecution_withlogin" name="loginPage" time="2.516"/>
  <testcase classname="TestExecution_withlogin" name="selectPrimeBox" time="14.686">
    <failure message="no such element: Unable to locate element: {&quot;method&quot;:&quot;xpath&quot;,&quot;selector&quot;:&quot;//body/div[@id=&apos;a-page&apos;]/div[@id=&apos;search&apos;]/div[1]/div[1]/div[1]/span[3]/div[2]/div[2]/div[1]/div[1]/div[1]/div[1]/div[1]/div[1]/div[2]/div[4]/div[1]/div[1]/span[1]/span[2]&quot;}
  (Session info: chrome=107.0.5304.121)
For documentation on this error, please visit: https://selenium.dev/exceptions/#no_such_element
Build info: version: &apos;4.3.0&apos;, revision: &apos;a4995e2c09*&apos;
System info: host: &apos;PF3JTTNF&apos;, ip: &apos;127.0.1.1&apos;, os.name: &apos;Linux&apos;, os.arch: &apos;amd64&apos;, os.version: &apos;5.15.0-53-generic&apos;, java.version: &apos;11.0.17&apos;
Driver info: org.openqa.selenium.chrome.ChromeDriver
Command: [cf17d93bd0776e01deb248dfee0cbe01, findElement {using=xpath, value=//body/div[@id=&apos;a-page&apos;]/div[@id=&apos;search&apos;]/div[1]/div[1]/div[1]/span[3]/div[2]/div[2]/div[1]/div[1]/div[1]/div[1]/div[1]/div[1]/div[2]/div[4]/div[1]/div[1]/span[1]/span[2]}]
Capabilities {acceptInsecureCerts: false, browserName: chrome, browserVersion: 107.0.5304.121, chrome: {chromedriverVersion: 107.0.5304.62 (1eec40d3a576..., userDataDir: /tmp/.com.google.Chrome.RzPoDx}, goog:chromeOptions: {debuggerAddress: localhost:39481}, networkConnectionEnabled: false, pageLoadStrategy: normal, platformName: LINUX, proxy: Proxy(), se:cdp: ws://localhost:39481/devtoo..., se:cdpVersion: 107.0.5304.121, setWindowRect: true, strictFileInteractability: false, timeouts: {implicit: 0, pageLoad: 300000, script: 30000}, unhandledPromptBehavior: dismiss and notify, webauthn:extension:credBlob: true, webauthn:extension:largeBlob: true, webauthn:virtualAuthenticators: true}
Session ID: cf17d93bd0776e01deb248dfee0cbe01" type="org.openqa.selenium.NoSuchElementException">org.openqa.selenium.NoSuchElementException: no such element: Unable to locate element: {&quot;method&quot;:&quot;xpath&quot;,&quot;selector&quot;:&quot;//body/div[@id=&apos;a-page&apos;]/div[@id=&apos;search&apos;]/div[1]/div[1]/div[1]/span[3]/div[2]/div[2]/div[1]/div[1]/div[1]/div[1]/div[1]/div[1]/div[2]/div[4]/div[1]/div[1]/span[1]/span[2]&quot;}
  (Session info: chrome=107.0.5304.121)
For documentation on this error, please visit: https://selenium.dev/exceptions/#no_such_element
Build info: version: &apos;4.3.0&apos;, revision: &apos;a4995e2c09*&apos;
System info: host: &apos;PF3JTTNF&apos;, ip: &apos;127.0.1.1&apos;, os.name: &apos;Linux&apos;, os.arch: &apos;amd64&apos;, os.version: &apos;5.15.0-53-generic&apos;, java.version: &apos;11.0.17&apos;
Driver info: org.openqa.selenium.chrome.ChromeDriver
Command: [cf17d93bd0776e01deb248dfee0cbe01, findElement {using=xpath, value=//body/div[@id=&apos;a-page&apos;]/div[@id=&apos;search&apos;]/div[1]/div[1]/div[1]/span[3]/div[2]/div[2]/div[1]/div[1]/div[1]/div[1]/div[1]/div[1]/div[2]/div[4]/div[1]/div[1]/span[1]/span[2]}]
Capabilities {acceptInsecureCerts: false, browserName: chrome, browserVersion: 107.0.5304.121, chrome: {chromedriverVersion: 107.0.5304.62 (1eec40d3a576..., userDataDir: /tmp/.com.google.Chrome.RzPoDx}, goog:chromeOptions: {debuggerAddress: localhost:39481}, networkConnectionEnabled: false, pageLoadStrategy: normal, platformName: LINUX, proxy: Proxy(), se:cdp: ws://localhost:39481/devtoo..., se:cdpVersion: 107.0.5304.121, setWindowRect: true, strictFileInteractability: false, timeouts: {implicit: 0, pageLoad: 300000, script: 30000}, unhandledPromptBehavior: dismiss and notify, webauthn:extension:credBlob: true, webauthn:extension:largeBlob: true, webauthn:virtualAuthenticators: true}
Session ID: cf17d93bd0776e01deb248dfee0cbe01
	at java.base/jdk.internal.reflect.NativeConstructorAccessorImpl.newInstance0(Native Method)
	at java.base/jdk.internal.reflect.NativeConstructorAccessorImpl.newInstance(NativeConstructorAccessorImpl.java:62)
	at java.base/jdk.internal.reflect.DelegatingConstructorAccessorImpl.newInstance(DelegatingConstructorAccessorImpl.java:45)
	at java.base/java.lang.reflect.Constructor.newInstance(Constructor.java:490)
	at org.openqa.selenium.remote.codec.w3c.W3CHttpResponseCodec.createException(W3CHttpResponseCodec.java:200)
	at org.openqa.selenium.remote.codec.w3c.W3CHttpResponseCodec.decode(W3CHttpResponseCodec.java:133)
	at org.openqa.selenium.remote.codec.w3c.W3CHttpResponseCodec.decode(W3CHttpResponseCodec.java:53)
	at org.openqa.selenium.remote.HttpCommandExecutor.execute(HttpCommandExecutor.java:184)
	at org.openqa.selenium.remote.service.DriverCommandExecutor.invokeExecute(DriverCommandExecutor.java:167)
	at org.openqa.selenium.remote.service.DriverCommandExecutor.execute(DriverCommandExecutor.java:142)
	at org.openqa.selenium.remote.RemoteWebDriver.execute(RemoteWebDriver.java:569)
	at org.openqa.selenium.remote.ElementLocation$ElementFinder$2.findElement(ElementLocation.java:162)
	at org.openqa.selenium.remote.ElementLocation.findElement(ElementLocation.java:60)
	at org.openqa.selenium.remote.RemoteWebDriver.findElement(RemoteWebDriver.java:387)
	at org.openqa.selenium.remote.RemoteWebDriver.findElement(RemoteWebDriver.java:379)
	at org.openqa.selenium.support.pagefactory.DefaultElementLocator.findElement(DefaultElementLocator.java:70)
	at org.openqa.selenium.support.pagefactory.internal.LocatingElementHandler.invoke(LocatingElementHandler.java:39)
	at com.sun.proxy.$Proxy13.getText(Unknown Source)
	at TestExecution_withlogin.selectPrimeBox(TestExecution_withlogin.java:53)
</failure>
  </testcase>
  <testcase classname="TestExecution_withlogin" name="pastOneYearOrder" time="9.886"/>
  <testcase classname="TestExecution_withlogin" name="addNewAddress" time="15.418"/>
  <testcase classname="TestExecution_withlogin" name="addNewPaymentOption" time="10.137">
    <failure message="no such element: Unable to locate element: {&quot;method&quot;:&quot;xpath&quot;,&quot;selector&quot;:&quot;(//input[@class=&apos;a-button-input&apos;])[5]&quot;}
  (Session info: chrome=107.0.5304.121)
For documentation on this error, please visit: https://selenium.dev/exceptions/#no_such_element
Build info: version: &apos;4.3.0&apos;, revision: &apos;a4995e2c09*&apos;
System info: host: &apos;PF3JTTNF&apos;, ip: &apos;127.0.1.1&apos;, os.name: &apos;Linux&apos;, os.arch: &apos;amd64&apos;, os.version: &apos;5.15.0-53-generic&apos;, java.version: &apos;11.0.17&apos;
Driver info: org.openqa.selenium.chrome.ChromeDriver
Command: [cf17d93bd0776e01deb248dfee0cbe01, findElement {using=xpath, value=(//input[@class=&apos;a-button-input&apos;])[5]}]
Capabilities {acceptInsecureCerts: false, browserName: chrome, browserVersion: 107.0.5304.121, chrome: {chromedriverVersion: 107.0.5304.62 (1eec40d3a576..., userDataDir: /tmp/.com.google.Chrome.RzPoDx}, goog:chromeOptions: {debuggerAddress: localhost:39481}, networkConnectionEnabled: false, pageLoadStrategy: normal, platformName: LINUX, proxy: Proxy(), se:cdp: ws://localhost:39481/devtoo..., se:cdpVersion: 107.0.5304.121, setWindowRect: true, strictFileInteractability: false, timeouts: {implicit: 0, pageLoad: 300000, script: 30000}, unhandledPromptBehavior: dismiss and notify, webauthn:extension:credBlob: true, webauthn:extension:largeBlob: true, webauthn:virtualAuthenticators: true}
Session ID: cf17d93bd0776e01deb248dfee0cbe01" type="org.openqa.selenium.NoSuchElementException">org.openqa.selenium.NoSuchElementException: no such element: Unable to locate element: {&quot;method&quot;:&quot;xpath&quot;,&quot;selector&quot;:&quot;(//input[@class=&apos;a-button-input&apos;])[5]&quot;}
  (Session info: chrome=107.0.5304.121)
For documentation on this error, please visit: https://selenium.dev/exceptions/#no_such_element
Build info: version: &apos;4.3.0&apos;, revision: &apos;a4995e2c09*&apos;
System info: host: &apos;PF3JTTNF&apos;, ip: &apos;127.0.1.1&apos;, os.name: &apos;Linux&apos;, os.arch: &apos;amd64&apos;, os.version: &apos;5.15.0-53-generic&apos;, java.version: &apos;11.0.17&apos;
Driver info: org.openqa.selenium.chrome.ChromeDriver
Command: [cf17d93bd0776e01deb248dfee0cbe01, findElement {using=xpath, value=(//input[@class=&apos;a-button-input&apos;])[5]}]
Capabilities {acceptInsecureCerts: false, browserName: chrome, browserVersion: 107.0.5304.121, chrome: {chromedriverVersion: 107.0.5304.62 (1eec40d3a576..., userDataDir: /tmp/.com.google.Chrome.RzPoDx}, goog:chromeOptions: {debuggerAddress: localhost:39481}, networkConnectionEnabled: false, pageLoadStrategy: normal, platformName: LINUX, proxy: Proxy(), se:cdp: ws://localhost:39481/devtoo..., se:cdpVersion: 107.0.5304.121, setWindowRect: true, strictFileInteractability: false, timeouts: {implicit: 0, pageLoad: 300000, script: 30000}, unhandledPromptBehavior: dismiss and notify, webauthn:extension:credBlob: true, webauthn:extension:largeBlob: true, webauthn:virtualAuthenticators: true}
Session ID: cf17d93bd0776e01deb248dfee0cbe01
	at java.base/jdk.internal.reflect.NativeConstructorAccessorImpl.newInstance0(Native Method)
	at java.base/jdk.internal.reflect.NativeConstructorAccessorImpl.newInstance(NativeConstructorAccessorImpl.java:62)
	at java.base/jdk.internal.reflect.DelegatingConstructorAccessorImpl.newInstance(DelegatingConstructorAccessorImpl.java:45)
	at java.base/java.lang.reflect.Constructor.newInstance(Constructor.java:490)
	at org.openqa.selenium.remote.codec.w3c.W3CHttpResponseCodec.createException(W3CHttpResponseCodec.java:200)
	at org.openqa.selenium.remote.codec.w3c.W3CHttpResponseCodec.decode(W3CHttpResponseCodec.java:133)
	at org.openqa.selenium.remote.codec.w3c.W3CHttpResponseCodec.decode(W3CHttpResponseCodec.java:53)
	at org.openqa.selenium.remote.HttpCommandExecutor.execute(HttpCommandExecutor.java:184)
	at org.openqa.selenium.remote.service.DriverCommandExecutor.invokeExecute(DriverCommandExecutor.java:167)
	at org.openqa.selenium.remote.service.DriverCommandExecutor.execute(DriverCommandExecutor.java:142)
	at org.openqa.selenium.remote.RemoteWebDriver.execute(RemoteWebDriver.java:569)
	at org.openqa.selenium.remote.ElementLocation$ElementFinder$2.findElement(ElementLocation.java:162)
	at org.openqa.selenium.remote.ElementLocation.findElement(ElementLocation.java:60)
	at org.openqa.selenium.remote.RemoteWebDriver.findElement(RemoteWebDriver.java:387)
	at org.openqa.selenium.remote.RemoteWebDriver.findElement(RemoteWebDriver.java:379)
	at org.openqa.selenium.support.pagefactory.DefaultElementLocator.findElement(DefaultElementLocator.java:70)
	at org.openqa.selenium.support.pagefactory.internal.LocatingElementHandler.invoke(LocatingElementHandler.java:39)
	at com.sun.proxy.$Proxy13.click(Unknown Source)
	at TestExecution_withlogin.addNewPaymentOption(TestExecution_withlogin.java:74)
</failure>
  </testcase>
  <testcase classname="TestExecution_withlogin" name="close" time="0.158"/>
  <testcase classname="TestExecution_withoutLogin" name="todaysDeal" time="3.957"/>
  <testcase classname="TestExecution_withoutLogin" name="thirdElement" time="10.051">
    <failure message="no such element: Unable to locate element: {&quot;method&quot;:&quot;xpath&quot;,&quot;selector&quot;:&quot;//body/div[@id=&apos;a-page&apos;]/div[@id=&apos;slot-7&apos;]/div[@id=&apos;slot-7&apos;]/div[1]/div[1]/div[2]/div[3]/div[1]/div[3]/div[1]/div[1]/a[1]/div[1]&quot;}
  (Session info: chrome=107.0.5304.121)
For documentation on this error, please visit: https://selenium.dev/exceptions/#no_such_element
Build info: version: &apos;4.3.0&apos;, revision: &apos;a4995e2c09*&apos;
System info: host: &apos;PF3JTTNF&apos;, ip: &apos;127.0.1.1&apos;, os.name: &apos;Linux&apos;, os.arch: &apos;amd64&apos;, os.version: &apos;5.15.0-53-generic&apos;, java.version: &apos;11.0.17&apos;
Driver info: org.openqa.selenium.chrome.ChromeDriver
Command: [2dcd678fb863b83164dfcd89a009792f, findElement {using=xpath, value=//body/div[@id=&apos;a-page&apos;]/div[@id=&apos;slot-7&apos;]/div[@id=&apos;slot-7&apos;]/div[1]/div[1]/div[2]/div[3]/div[1]/div[3]/div[1]/div[1]/a[1]/div[1]}]
Capabilities {acceptInsecureCerts: false, browserName: chrome, browserVersion: 107.0.5304.121, chrome: {chromedriverVersion: 107.0.5304.62 (1eec40d3a576..., userDataDir: /tmp/.com.google.Chrome.8bKHXL}, goog:chromeOptions: {debuggerAddress: localhost:36049}, networkConnectionEnabled: false, pageLoadStrategy: normal, platformName: LINUX, proxy: Proxy(), se:cdp: ws://localhost:36049/devtoo..., se:cdpVersion: 107.0.5304.121, setWindowRect: true, strictFileInteractability: false, timeouts: {implicit: 0, pageLoad: 300000, script: 30000}, unhandledPromptBehavior: dismiss and notify, webauthn:extension:credBlob: true, webauthn:extension:largeBlob: true, webauthn:virtualAuthenticators: true}
Session ID: 2dcd678fb863b83164dfcd89a009792f" type="org.openqa.selenium.NoSuchElementException">org.openqa.selenium.NoSuchElementException: no such element: Unable to locate element: {&quot;method&quot;:&quot;xpath&quot;,&quot;selector&quot;:&quot;//body/div[@id=&apos;a-page&apos;]/div[@id=&apos;slot-7&apos;]/div[@id=&apos;slot-7&apos;]/div[1]/div[1]/div[2]/div[3]/div[1]/div[3]/div[1]/div[1]/a[1]/div[1]&quot;}
  (Session info: chrome=107.0.5304.121)
For documentation on this error, please visit: https://selenium.dev/exceptions/#no_such_element
Build info: version: &apos;4.3.0&apos;, revision: &apos;a4995e2c09*&apos;
System info: host: &apos;PF3JTTNF&apos;, ip: &apos;127.0.1.1&apos;, os.name: &apos;Linux&apos;, os.arch: &apos;amd64&apos;, os.version: &apos;5.15.0-53-generic&apos;, java.version: &apos;11.0.17&apos;
Driver info: org.openqa.selenium.chrome.ChromeDriver
Command: [2dcd678fb863b83164dfcd89a009792f, findElement {using=xpath, value=//body/div[@id=&apos;a-page&apos;]/div[@id=&apos;slot-7&apos;]/div[@id=&apos;slot-7&apos;]/div[1]/div[1]/div[2]/div[3]/div[1]/div[3]/div[1]/div[1]/a[1]/div[1]}]
Capabilities {acceptInsecureCerts: false, browserName: chrome, browserVersion: 107.0.5304.121, chrome: {chromedriverVersion: 107.0.5304.62 (1eec40d3a576..., userDataDir: /tmp/.com.google.Chrome.8bKHXL}, goog:chromeOptions: {debuggerAddress: localhost:36049}, networkConnectionEnabled: false, pageLoadStrategy: normal, platformName: LINUX, proxy: Proxy(), se:cdp: ws://localhost:36049/devtoo..., se:cdpVersion: 107.0.5304.121, setWindowRect: true, strictFileInteractability: false, timeouts: {implicit: 0, pageLoad: 300000, script: 30000}, unhandledPromptBehavior: dismiss and notify, webauthn:extension:credBlob: true, webauthn:extension:largeBlob: true, webauthn:virtualAuthenticators: true}
Session ID: 2dcd678fb863b83164dfcd89a009792f
	at java.base/jdk.internal.reflect.NativeConstructorAccessorImpl.newInstance0(Native Method)
	at java.base/jdk.internal.reflect.NativeConstructorAccessorImpl.newInstance(NativeConstructorAccessorImpl.java:62)
	at java.base/jdk.internal.reflect.DelegatingConstructorAccessorImpl.newInstance(DelegatingConstructorAccessorImpl.java:45)
	at java.base/java.lang.reflect.Constructor.newInstance(Constructor.java:490)
	at org.openqa.selenium.remote.codec.w3c.W3CHttpResponseCodec.createException(W3CHttpResponseCodec.java:200)
	at org.openqa.selenium.remote.codec.w3c.W3CHttpResponseCodec.decode(W3CHttpResponseCodec.java:133)
	at org.openqa.selenium.remote.codec.w3c.W3CHttpResponseCodec.decode(W3CHttpResponseCodec.java:53)
	at org.openqa.selenium.remote.HttpCommandExecutor.execute(HttpCommandExecutor.java:184)
	at org.openqa.selenium.remote.service.DriverCommandExecutor.invokeExecute(DriverCommandExecutor.java:167)
	at org.openqa.selenium.remote.service.DriverCommandExecutor.execute(DriverCommandExecutor.java:142)
	at org.openqa.selenium.remote.RemoteWebDriver.execute(RemoteWebDriver.java:569)
	at org.openqa.selenium.remote.ElementLocation$ElementFinder$2.findElement(ElementLocation.java:162)
	at org.openqa.selenium.remote.ElementLocation.findElement(ElementLocation.java:60)
	at org.openqa.selenium.remote.RemoteWebDriver.findElement(RemoteWebDriver.java:387)
	at org.openqa.selenium.remote.RemoteWebDriver.findElement(RemoteWebDriver.java:379)
	at org.openqa.selenium.support.pagefactory.DefaultElementLocator.findElement(DefaultElementLocator.java:70)
	at org.openqa.selenium.support.pagefactory.internal.LocatingElementHandler.invoke(LocatingElementHandler.java:39)
	at com.sun.proxy.$Proxy13.click(Unknown Source)
	at TestExecution_withoutLogin.thirdElement(TestExecution_withoutLogin.java:46)
</failure>
  </testcase>
  <testcase classname="TestExecution_withoutLogin" name="verifyCart" time="10.064">
    <failure message="no such element: Unable to locate element: {&quot;method&quot;:&quot;xpath&quot;,&quot;selector&quot;:&quot;//a[@aria-expanded=&apos;true&apos;]&quot;}
  (Session info: chrome=107.0.5304.121)
For documentation on this error, please visit: https://selenium.dev/exceptions/#no_such_element
Build info: version: &apos;4.3.0&apos;, revision: &apos;a4995e2c09*&apos;
System info: host: &apos;PF3JTTNF&apos;, ip: &apos;127.0.1.1&apos;, os.name: &apos;Linux&apos;, os.arch: &apos;amd64&apos;, os.version: &apos;5.15.0-53-generic&apos;, java.version: &apos;11.0.17&apos;
Driver info: org.openqa.selenium.chrome.ChromeDriver
Command: [2dcd678fb863b83164dfcd89a009792f, findElement {using=xpath, value=//a[@aria-expanded=&apos;true&apos;]}]
Capabilities {acceptInsecureCerts: false, browserName: chrome, browserVersion: 107.0.5304.121, chrome: {chromedriverVersion: 107.0.5304.62 (1eec40d3a576..., userDataDir: /tmp/.com.google.Chrome.8bKHXL}, goog:chromeOptions: {debuggerAddress: localhost:36049}, networkConnectionEnabled: false, pageLoadStrategy: normal, platformName: LINUX, proxy: Proxy(), se:cdp: ws://localhost:36049/devtoo..., se:cdpVersion: 107.0.5304.121, setWindowRect: true, strictFileInteractability: false, timeouts: {implicit: 0, pageLoad: 300000, script: 30000}, unhandledPromptBehavior: dismiss and notify, webauthn:extension:credBlob: true, webauthn:extension:largeBlob: true, webauthn:virtualAuthenticators: true}
Session ID: 2dcd678fb863b83164dfcd89a009792f" type="org.openqa.selenium.NoSuchElementException">org.openqa.selenium.NoSuchElementException: no such element: Unable to locate element: {&quot;method&quot;:&quot;xpath&quot;,&quot;selector&quot;:&quot;//a[@aria-expanded=&apos;true&apos;]&quot;}
  (Session info: chrome=107.0.5304.121)
For documentation on this error, please visit: https://selenium.dev/exceptions/#no_such_element
Build info: version: &apos;4.3.0&apos;, revision: &apos;a4995e2c09*&apos;
System info: host: &apos;PF3JTTNF&apos;, ip: &apos;127.0.1.1&apos;, os.name: &apos;Linux&apos;, os.arch: &apos;amd64&apos;, os.version: &apos;5.15.0-53-generic&apos;, java.version: &apos;11.0.17&apos;
Driver info: org.openqa.selenium.chrome.ChromeDriver
Command: [2dcd678fb863b83164dfcd89a009792f, findElement {using=xpath, value=//a[@aria-expanded=&apos;true&apos;]}]
Capabilities {acceptInsecureCerts: false, browserName: chrome, browserVersion: 107.0.5304.121, chrome: {chromedriverVersion: 107.0.5304.62 (1eec40d3a576..., userDataDir: /tmp/.com.google.Chrome.8bKHXL}, goog:chromeOptions: {debuggerAddress: localhost:36049}, networkConnectionEnabled: false, pageLoadStrategy: normal, platformName: LINUX, proxy: Proxy(), se:cdp: ws://localhost:36049/devtoo..., se:cdpVersion: 107.0.5304.121, setWindowRect: true, strictFileInteractability: false, timeouts: {implicit: 0, pageLoad: 300000, script: 30000}, unhandledPromptBehavior: dismiss and notify, webauthn:extension:credBlob: true, webauthn:extension:largeBlob: true, webauthn:virtualAuthenticators: true}
Session ID: 2dcd678fb863b83164dfcd89a009792f
	at java.base/jdk.internal.reflect.NativeConstructorAccessorImpl.newInstance0(Native Method)
	at java.base/jdk.internal.reflect.NativeConstructorAccessorImpl.newInstance(NativeConstructorAccessorImpl.java:62)
	at java.base/jdk.internal.reflect.DelegatingConstructorAccessorImpl.newInstance(DelegatingConstructorAccessorImpl.java:45)
	at java.base/java.lang.reflect.Constructor.newInstance(Constructor.java:490)
	at org.openqa.selenium.remote.codec.w3c.W3CHttpResponseCodec.createException(W3CHttpResponseCodec.java:200)
	at org.openqa.selenium.remote.codec.w3c.W3CHttpResponseCodec.decode(W3CHttpResponseCodec.java:133)
	at org.openqa.selenium.remote.codec.w3c.W3CHttpResponseCodec.decode(W3CHttpResponseCodec.java:53)
	at org.openqa.selenium.remote.HttpCommandExecutor.execute(HttpCommandExecutor.java:184)
	at org.openqa.selenium.remote.service.DriverCommandExecutor.invokeExecute(DriverCommandExecutor.java:167)
	at org.openqa.selenium.remote.service.DriverCommandExecutor.execute(DriverCommandExecutor.java:142)
	at org.openqa.selenium.remote.RemoteWebDriver.execute(RemoteWebDriver.java:569)
	at org.openqa.selenium.remote.ElementLocation$ElementFinder$2.findElement(ElementLocation.java:162)
	at org.openqa.selenium.remote.ElementLocation.findElement(ElementLocation.java:60)
	at org.openqa.selenium.remote.RemoteWebDriver.findElement(RemoteWebDriver.java:387)
	at org.openqa.selenium.remote.RemoteWebDriver.findElement(RemoteWebDriver.java:379)
	at org.openqa.selenium.support.pagefactory.DefaultElementLocator.findElement(DefaultElementLocator.java:70)
	at org.openqa.selenium.support.pagefactory.internal.LocatingElementHandler.invoke(LocatingElementHandler.java:39)
	at com.sun.proxy.$Proxy13.click(Unknown Source)
	at TestExecution_withoutLogin.verifyCart(TestExecution_withoutLogin.java:52)
</failure>
  </testcase>
  <testcase classname="TestExecution_withoutLogin" name="searchMobiles" time="14.116">
    <failure message="no such element: Unable to locate element: {&quot;method&quot;:&quot;xpath&quot;,&quot;selector&quot;:&quot;//body/div[@id=&apos;a-page&apos;]/div[@id=&apos;search&apos;]/div[1]/div[1]/div[1]/span[3]/div[2]/div[7]/div[1]/div[1]/div[1]/div[1]/div[1]/div[2]/div[1]&quot;}
  (Session info: chrome=107.0.5304.121)
For documentation on this error, please visit: https://selenium.dev/exceptions/#no_such_element
Build info: version: &apos;4.3.0&apos;, revision: &apos;a4995e2c09*&apos;
System info: host: &apos;PF3JTTNF&apos;, ip: &apos;127.0.1.1&apos;, os.name: &apos;Linux&apos;, os.arch: &apos;amd64&apos;, os.version: &apos;5.15.0-53-generic&apos;, java.version: &apos;11.0.17&apos;
Driver info: org.openqa.selenium.chrome.ChromeDriver
Command: [2dcd678fb863b83164dfcd89a009792f, findElement {using=xpath, value=//body/div[@id=&apos;a-page&apos;]/div[@id=&apos;search&apos;]/div[1]/div[1]/div[1]/span[3]/div[2]/div[7]/div[1]/div[1]/div[1]/div[1]/div[1]/div[2]/div[1]}]
Capabilities {acceptInsecureCerts: false, browserName: chrome, browserVersion: 107.0.5304.121, chrome: {chromedriverVersion: 107.0.5304.62 (1eec40d3a576..., userDataDir: /tmp/.com.google.Chrome.8bKHXL}, goog:chromeOptions: {debuggerAddress: localhost:36049}, networkConnectionEnabled: false, pageLoadStrategy: normal, platformName: LINUX, proxy: Proxy(), se:cdp: ws://localhost:36049/devtoo..., se:cdpVersion: 107.0.5304.121, setWindowRect: true, strictFileInteractability: false, timeouts: {implicit: 0, pageLoad: 300000, script: 30000}, unhandledPromptBehavior: dismiss and notify, webauthn:extension:credBlob: true, webauthn:extension:largeBlob: true, webauthn:virtualAuthenticators: true}
Session ID: 2dcd678fb863b83164dfcd89a009792f" type="org.openqa.selenium.NoSuchElementException">org.openqa.selenium.NoSuchElementException: no such element: Unable to locate element: {&quot;method&quot;:&quot;xpath&quot;,&quot;selector&quot;:&quot;//body/div[@id=&apos;a-page&apos;]/div[@id=&apos;search&apos;]/div[1]/div[1]/div[1]/span[3]/div[2]/div[7]/div[1]/div[1]/div[1]/div[1]/div[1]/div[2]/div[1]&quot;}
  (Session info: chrome=107.0.5304.121)
For documentation on this error, please visit: https://selenium.dev/exceptions/#no_such_element
Build info: version: &apos;4.3.0&apos;, revision: &apos;a4995e2c09*&apos;
System info: host: &apos;PF3JTTNF&apos;, ip: &apos;127.0.1.1&apos;, os.name: &apos;Linux&apos;, os.arch: &apos;amd64&apos;, os.version: &apos;5.15.0-53-generic&apos;, java.version: &apos;11.0.17&apos;
Driver info: org.openqa.selenium.chrome.ChromeDriver
Command: [2dcd678fb863b83164dfcd89a009792f, findElement {using=xpath, value=//body/div[@id=&apos;a-page&apos;]/div[@id=&apos;search&apos;]/div[1]/div[1]/div[1]/span[3]/div[2]/div[7]/div[1]/div[1]/div[1]/div[1]/div[1]/div[2]/div[1]}]
Capabilities {acceptInsecureCerts: false, browserName: chrome, browserVersion: 107.0.5304.121, chrome: {chromedriverVersion: 107.0.5304.62 (1eec40d3a576..., userDataDir: /tmp/.com.google.Chrome.8bKHXL}, goog:chromeOptions: {debuggerAddress: localhost:36049}, networkConnectionEnabled: false, pageLoadStrategy: normal, platformName: LINUX, proxy: Proxy(), se:cdp: ws://localhost:36049/devtoo..., se:cdpVersion: 107.0.5304.121, setWindowRect: true, strictFileInteractability: false, timeouts: {implicit: 0, pageLoad: 300000, script: 30000}, unhandledPromptBehavior: dismiss and notify, webauthn:extension:credBlob: true, webauthn:extension:largeBlob: true, webauthn:virtualAuthenticators: true}
Session ID: 2dcd678fb863b83164dfcd89a009792f
	at java.base/jdk.internal.reflect.NativeConstructorAccessorImpl.newInstance0(Native Method)
	at java.base/jdk.internal.reflect.NativeConstructorAccessorImpl.newInstance(NativeConstructorAccessorImpl.java:62)
	at java.base/jdk.internal.reflect.DelegatingConstructorAccessorImpl.newInstance(DelegatingConstructorAccessorImpl.java:45)
	at java.base/java.lang.reflect.Constructor.newInstance(Constructor.java:490)
	at org.openqa.selenium.remote.codec.w3c.W3CHttpResponseCodec.createException(W3CHttpResponseCodec.java:200)
	at org.openqa.selenium.remote.codec.w3c.W3CHttpResponseCodec.decode(W3CHttpResponseCodec.java:133)
	at org.openqa.selenium.remote.codec.w3c.W3CHttpResponseCodec.decode(W3CHttpResponseCodec.java:53)
	at org.openqa.selenium.remote.HttpCommandExecutor.execute(HttpCommandExecutor.java:184)
	at org.openqa.selenium.remote.service.DriverCommandExecutor.invokeExecute(DriverCommandExecutor.java:167)
	at org.openqa.selenium.remote.service.DriverCommandExecutor.execute(DriverCommandExecutor.java:142)
	at org.openqa.selenium.remote.RemoteWebDriver.execute(RemoteWebDriver.java:569)
	at org.openqa.selenium.remote.ElementLocation$ElementFinder$2.findElement(ElementLocation.java:162)
	at org.openqa.selenium.remote.ElementLocation.findElement(ElementLocation.java:60)
	at org.openqa.selenium.remote.RemoteWebDriver.findElement(RemoteWebDriver.java:387)
	at org.openqa.selenium.remote.RemoteWebDriver.findElement(RemoteWebDriver.java:379)
	at org.openqa.selenium.support.pagefactory.DefaultElementLocator.findElement(DefaultElementLocator.java:70)
	at org.openqa.selenium.support.pagefactory.internal.LocatingElementHandler.invoke(LocatingElementHandler.java:39)
	at com.sun.proxy.$Proxy13.getText(Unknown Source)
	at TestExecution_withoutLogin.searchMobiles(TestExecution_withoutLogin.java:69)
</failure>
  </testcase>
</testsuite>